<?xml version="1.0" encoding="UTF-8"?>
<!-- Generated by org.testng.reporters.JUnitXMLReporter -->
<testsuite hostname="Laxminarayan-s-MacBook-Pro.local" ignored="0" name="Test" tests="2" failures="0" timestamp="29 Sep 2019 19:52:42 GMT" time="59.213" errors="0">
  <testcase name="runScenario" time="31.763" classname="cucumber.api.testng.AbstractTestNGCucumberTests"/>
  <testcase name="runScenario" time="27.305" classname="cucumber.api.testng.AbstractTestNGCucumberTests"/>
</testsuite> <!-- Test -->
