<?xml version="1.0" encoding="UTF-8"?>
<testng-results skipped="0" failed="0" ignored="0" total="2" passed="2">
  <reporter-output>
  </reporter-output>
  <suite name="Suite" duration-ms="59213" started-at="2019-09-29T19:51:38Z" finished-at="2019-09-29T19:52:37Z">
    <groups>
      <group name="cucumber">
        <method signature="AbstractTestNGCucumberTests.runScenario(cucumber.api.testng.PickleEventWrapper, cucumber.api.testng.CucumberFeatureWrapper)[pri:0, instance:runner.RunCuke@553a3d88]" name="runScenario" class="cucumber.api.testng.AbstractTestNGCucumberTests"/>
      </group> <!-- cucumber -->
    </groups>
    <test name="Test" duration-ms="59213" started-at="2019-09-29T19:51:38Z" finished-at="2019-09-29T19:52:37Z">
      <class name="runner.RunCuke">
        <test-method status="PASS" signature="setUpClass()[pri:0, instance:runner.RunCuke@553a3d88]" name="setUpClass" is-config="true" duration-ms="92" started-at="2019-09-29T19:51:38Z" finished-at="2019-09-29T19:51:38Z">
          <reporter-output>
          </reporter-output>
        </test-method> <!-- setUpClass -->
        <test-method status="PASS" signature="runScenario(cucumber.api.testng.PickleEventWrapper, cucumber.api.testng.CucumberFeatureWrapper)[pri:0, instance:runner.RunCuke@553a3d88]" name="runScenario" duration-ms="31763" started-at="2019-09-29T19:51:38Z" description="Runs Cucumber Scenarios" data-provider="scenarios" finished-at="2019-09-29T19:52:10Z">
          <params>
            <param index="0">
              <value>
                <![CDATA["Validate Favorite Shows Page"]]>
              </value>
            </param>
            <param index="1">
              <value>
                <![CDATA["To validate Favorite Shows feature is working"]]>
              </value>
            </param>
          </params>
          <reporter-output>
          </reporter-output>
        </test-method> <!-- runScenario -->
        <test-method status="PASS" signature="runScenario(cucumber.api.testng.PickleEventWrapper, cucumber.api.testng.CucumberFeatureWrapper)[pri:0, instance:runner.RunCuke@553a3d88]" name="runScenario" duration-ms="27305" started-at="2019-09-29T19:52:10Z" description="Runs Cucumber Scenarios" data-provider="scenarios" finished-at="2019-09-29T19:52:37Z">
          <params>
            <param index="0">
              <value>
                <![CDATA["Validate All shows List"]]>
              </value>
            </param>
            <param index="1">
              <value>
                <![CDATA["To validate and extract all  Showstitles and duration"]]>
              </value>
            </param>
          </params>
          <reporter-output>
          </reporter-output>
        </test-method> <!-- runScenario -->
        <test-method status="PASS" signature="tearDownClass()[pri:0, instance:runner.RunCuke@553a3d88]" name="tearDownClass" is-config="true" duration-ms="4" started-at="2019-09-29T19:52:37Z" finished-at="2019-09-29T19:52:37Z">
          <reporter-output>
          </reporter-output>
        </test-method> <!-- tearDownClass -->
      </class> <!-- runner.RunCuke -->
    </test> <!-- Test -->
  </suite> <!-- Suite -->
</testng-results>
